<?xml version="1.0" encoding="UTF-8"?>
<!-- Generated by org.testng.reporters.JUnitReportReporter -->
<testsuite hostname="LAPTOP-AOTFQ1S8" failures="0" tests="1" name="appiumDemos.InstallApp" time="26.808" errors="0" timestamp="2023-02-01T16:57:45 IST" skipped="0">
  <testcase classname="appiumDemos.InstallApp" name="installApp" time="26.808"/>
  <system-out/>
</testsuite> <!-- appiumDemos.InstallApp -->
